<?xml version="1.0" encoding="UTF-8"?>
<coverage generated="1665691571556" clover="3.2.0">
  <project timestamp="1665691571556" name="All files">
    <metrics statements="85" coveredstatements="85" conditionals="12" coveredconditionals="12" methods="41" coveredmethods="41" elements="138" coveredelements="138" complexity="0" loc="85" ncloc="85" packages="3" files="5" classes="5"/>
    <package name="__tests__.data">
      <metrics statements="3" coveredstatements="3" conditionals="0" coveredconditionals="0" methods="0" coveredmethods="0"/>
      <file name="schema.data.js" path="/Users/lt/Documents/digital-u/capstone/__tests__/data/schema.data.js">
        <metrics statements="3" coveredstatements="3" conditionals="0" coveredconditionals="0" methods="0" coveredmethods="0"/>
        <line num="1" count="1" type="stmt"/>
        <line num="9" count="1" type="stmt"/>
        <line num="17" count="1" type="stmt"/>
      </file>
    </package>
    <package name="__tests__.utils">
      <metrics statements="27" coveredstatements="27" conditionals="0" coveredconditionals="0" methods="9" coveredmethods="9"/>
      <file name="apollo-test-server.js" path="/Users/lt/Documents/digital-u/capstone/__tests__/utils/apollo-test-server.js">
        <metrics statements="2" coveredstatements="2" conditionals="0" coveredconditionals="0" methods="1" coveredmethods="1"/>
        <line num="4" count="1" type="stmt"/>
        <line num="5" count="1" type="stmt"/>
      </file>
      <file name="clear-data.js" path="/Users/lt/Documents/digital-u/capstone/__tests__/utils/clear-data.js">
        <metrics statements="17" coveredstatements="17" conditionals="0" coveredconditionals="0" methods="4" coveredmethods="4"/>
        <line num="1" count="1" type="stmt"/>
        <line num="10" count="1" type="stmt"/>
        <line num="16" count="1" type="stmt"/>
        <line num="26" count="1" type="stmt"/>
        <line num="32" count="1" type="stmt"/>
        <line num="41" count="1" type="stmt"/>
        <line num="46" count="1" type="stmt"/>
        <line num="47" count="21" type="stmt"/>
        <line num="50" count="21" type="stmt"/>
        <line num="52" count="21" type="stmt"/>
        <line num="55" count="21" type="stmt"/>
        <line num="57" count="21" type="stmt"/>
        <line num="60" count="21" type="stmt"/>
        <line num="62" count="21" type="stmt"/>
        <line num="65" count="21" type="stmt"/>
        <line num="75" count="22" type="stmt"/>
        <line num="85" count="42" type="stmt"/>
      </file>
      <file name="seed-data.js" path="/Users/lt/Documents/digital-u/capstone/__tests__/utils/seed-data.js">
        <metrics statements="8" coveredstatements="8" conditionals="0" coveredconditionals="0" methods="4" coveredmethods="4"/>
        <line num="3" count="1" type="stmt"/>
        <line num="21" count="1" type="stmt"/>
        <line num="31" count="1" type="stmt"/>
        <line num="40" count="1" type="stmt"/>
        <line num="41" count="21" type="stmt"/>
        <line num="44" count="21" type="stmt"/>
        <line num="56" count="21" type="stmt"/>
        <line num="67" count="42" type="stmt"/>
      </file>
    </package>
    <package name="src">
      <metrics statements="55" coveredstatements="55" conditionals="12" coveredconditionals="12" methods="32" coveredmethods="32"/>
      <file name="schema.js" path="/Users/lt/Documents/digital-u/capstone/src/schema.js">
        <metrics statements="55" coveredstatements="55" conditionals="12" coveredconditionals="12" methods="32" coveredmethods="32"/>
        <line num="4" count="1" type="stmt"/>
        <line num="12" count="1" type="stmt"/>
        <line num="20" count="1" type="stmt"/>
        <line num="33" count="1" type="stmt"/>
        <line num="107" count="1" type="stmt"/>
        <line num="110" count="24" type="stmt"/>
        <line num="112" count="6" type="stmt"/>
        <line num="115" count="1" type="stmt"/>
        <line num="118" count="1" type="stmt"/>
        <line num="121" count="23" type="stmt"/>
        <line num="122" count="1" type="stmt"/>
        <line num="123" count="23" type="stmt"/>
        <line num="124" count="1" type="stmt"/>
        <line num="125" count="23" type="stmt"/>
        <line num="127" count="1" type="stmt"/>
        <line num="131" count="22" type="stmt"/>
        <line num="137" count="22" type="stmt"/>
        <line num="138" count="22" type="stmt"/>
        <line num="141" count="23" type="stmt"/>
        <line num="146" count="23" type="stmt"/>
        <line num="147" count="23" type="stmt"/>
        <line num="150" count="43" type="stmt"/>
        <line num="154" count="43" type="stmt"/>
        <line num="155" count="43" type="stmt"/>
        <line num="158" count="2" type="stmt"/>
        <line num="159" count="2" type="cond" truecount="2" falsecount="0"/>
        <line num="160" count="1" type="stmt"/>
        <line num="166" count="1" type="stmt"/>
        <line num="168" count="1" type="stmt"/>
        <line num="171" count="2" type="stmt"/>
        <line num="172" count="2" type="cond" truecount="2" falsecount="0"/>
        <line num="173" count="1" type="stmt"/>
        <line num="178" count="1" type="stmt"/>
        <line num="179" count="1" type="stmt"/>
        <line num="182" count="2" type="stmt"/>
        <line num="183" count="3" type="stmt"/>
        <line num="185" count="2" type="cond" truecount="2" falsecount="0"/>
        <line num="186" count="1" type="stmt"/>
        <line num="187" count="1" type="stmt"/>
        <line num="191" count="1" type="stmt"/>
        <line num="192" count="1" type="stmt"/>
        <line num="195" count="23" type="stmt"/>
        <line num="196" count="23" type="cond" truecount="2" falsecount="0"/>
        <line num="197" count="22" type="stmt"/>
        <line num="198" count="22" type="stmt"/>
        <line num="201" count="24" type="stmt"/>
        <line num="202" count="24" type="cond" truecount="2" falsecount="0"/>
        <line num="203" count="23" type="stmt"/>
        <line num="204" count="23" type="stmt"/>
        <line num="207" count="44" type="stmt"/>
        <line num="208" count="45" type="stmt"/>
        <line num="210" count="44" type="cond" truecount="2" falsecount="0"/>
        <line num="211" count="1" type="stmt"/>
        <line num="212" count="43" type="stmt"/>
        <line num="213" count="43" type="stmt"/>
      </file>
    </package>
  </project>
</coverage>
