{"/Users/lt/Documents/digital-u/capstone/__tests__/data/schema.data.js": {"path":"/Users/lt/Documents/digital-u/capstone/__tests__/data/schema.data.js","statementMap":{"0":{"start":{"line":1,"column":21},"end":{"line":8,"column":1}},"1":{"start":{"line":9,"column":23},"end":{"line":16,"column":1}},"2":{"start":{"line":17,"column":26},"end":{"line":28,"column":1}}},"fnMap":{},"branchMap":{},"s":{"0":1,"1":1,"2":1},"f":{},"b":{},"_coverageSchema":"1a1c01bbd47fc00a2c39e90264f33305004495a9","hash":"12c3637d4da859bf269129719b1abb724c3745d1"}
,"/Users/lt/Documents/digital-u/capstone/__tests__/utils/apollo-test-server.js": {"path":"/Users/lt/Documents/digital-u/capstone/__tests__/utils/apollo-test-server.js","statementMap":{"0":{"start":{"line":4,"column":29},"end":{"line":9,"column":1}},"1":{"start":{"line":5,"column":2},"end":{"line":8,"column":5}}},"fnMap":{"0":{"name":"(anonymous_0)","decl":{"start":{"line":4,"column":29},"end":{"line":4,"column":30}},"loc":{"start":{"line":4,"column":35},"end":{"line":9,"column":1}},"line":4}},"branchMap":{},"s":{"0":1,"1":1},"f":{"0":1},"b":{},"_coverageSchema":"1a1c01bbd47fc00a2c39e90264f33305004495a9","hash":"5237337d505e6f9739054b04d4ec9aef7a6d4e14"}
,"/Users/lt/Documents/digital-u/capstone/__tests__/utils/clear-data.js": {"path":"/Users/lt/Documents/digital-u/capstone/__tests__/utils/clear-data.js","statementMap":{"0":{"start":{"line":1,"column":22},"end":{"line":8,"column":1}},"1":{"start":{"line":10,"column":27},"end":{"line":14,"column":7}},"2":{"start":{"line":16,"column":24},"end":{"line":24,"column":7}},"3":{"start":{"line":26,"column":29},"end":{"line":30,"column":9}},"4":{"start":{"line":32,"column":27},"end":{"line":39,"column":5}},"5":{"start":{"line":41,"column":31},"end":{"line":45,"column":5}},"6":{"start":{"line":46,"column":25},"end":{"line":94,"column":1}},"7":{"start":{"line":47,"column":23},"end":{"line":49,"column":4}},"8":{"start":{"line":50,"column":16},"end":{"line":50,"column":60}},"9":{"start":{"line":52,"column":25},"end":{"line":54,"column":4}},"10":{"start":{"line":55,"column":18},"end":{"line":55,"column":66}},"11":{"start":{"line":57,"column":27},"end":{"line":59,"column":4}},"12":{"start":{"line":60,"column":21},"end":{"line":60,"column":74}},"13":{"start":{"line":62,"column":2},"end":{"line":93,"column":5}},"14":{"start":{"line":65,"column":8},"end":{"line":70,"column":10}},"15":{"start":{"line":75,"column":8},"end":{"line":80,"column":10}},"16":{"start":{"line":85,"column":8},"end":{"line":90,"column":10}}},"fnMap":{"0":{"name":"(anonymous_0)","decl":{"start":{"line":46,"column":25},"end":{"line":46,"column":26}},"loc":{"start":{"line":46,"column":45},"end":{"line":94,"column":1}},"line":46},"1":{"name":"(anonymous_1)","decl":{"start":{"line":64,"column":16},"end":{"line":64,"column":17}},"loc":{"start":{"line":65,"column":8},"end":{"line":70,"column":10}},"line":65},"2":{"name":"(anonymous_2)","decl":{"start":{"line":74,"column":18},"end":{"line":74,"column":19}},"loc":{"start":{"line":75,"column":8},"end":{"line":80,"column":10}},"line":75},"3":{"name":"(anonymous_3)","decl":{"start":{"line":84,"column":21},"end":{"line":84,"column":22}},"loc":{"start":{"line":85,"column":8},"end":{"line":90,"column":10}},"line":85}},"branchMap":{},"s":{"0":1,"1":1,"2":1,"3":1,"4":1,"5":1,"6":1,"7":21,"8":21,"9":21,"10":21,"11":21,"12":21,"13":21,"14":21,"15":22,"16":42},"f":{"0":21,"1":21,"2":22,"3":42},"b":{},"_coverageSchema":"1a1c01bbd47fc00a2c39e90264f33305004495a9","hash":"1f844dce4a5b4d4025c76c17ca83cbbd8e124c23"}
,"/Users/lt/Documents/digital-u/capstone/__tests__/utils/seed-data.js": {"path":"/Users/lt/Documents/digital-u/capstone/__tests__/utils/seed-data.js","statementMap":{"0":{"start":{"line":3,"column":24},"end":{"line":19,"column":3}},"1":{"start":{"line":21,"column":26},"end":{"line":29,"column":7}},"2":{"start":{"line":31,"column":28},"end":{"line":38,"column":7}},"3":{"start":{"line":40,"column":24},"end":{"line":76,"column":1}},"4":{"start":{"line":41,"column":2},"end":{"line":75,"column":5}},"5":{"start":{"line":44,"column":8},"end":{"line":51,"column":10}},"6":{"start":{"line":56,"column":8},"end":{"line":62,"column":10}},"7":{"start":{"line":67,"column":8},"end":{"line":72,"column":10}}},"fnMap":{"0":{"name":"(anonymous_0)","decl":{"start":{"line":40,"column":24},"end":{"line":40,"column":25}},"loc":{"start":{"line":40,"column":44},"end":{"line":76,"column":1}},"line":40},"1":{"name":"(anonymous_1)","decl":{"start":{"line":43,"column":16},"end":{"line":43,"column":17}},"loc":{"start":{"line":44,"column":8},"end":{"line":51,"column":10}},"line":44},"2":{"name":"(anonymous_2)","decl":{"start":{"line":55,"column":18},"end":{"line":55,"column":19}},"loc":{"start":{"line":56,"column":8},"end":{"line":62,"column":10}},"line":56},"3":{"name":"(anonymous_3)","decl":{"start":{"line":66,"column":21},"end":{"line":66,"column":22}},"loc":{"start":{"line":67,"column":8},"end":{"line":72,"column":10}},"line":67}},"branchMap":{},"s":{"0":1,"1":1,"2":1,"3":1,"4":21,"5":21,"6":21,"7":42},"f":{"0":21,"1":21,"2":21,"3":42},"b":{},"_coverageSchema":"1a1c01bbd47fc00a2c39e90264f33305004495a9","hash":"6f6b38b5704975f07c697d793174c8058a5a9d9e"}
,"/Users/lt/Documents/digital-u/capstone/src/schema.js": {"path":"/Users/lt/Documents/digital-u/capstone/src/schema.js","statementMap":{"0":{"start":{"line":4,"column":14},"end":{"line":11,"column":1}},"1":{"start":{"line":12,"column":16},"end":{"line":19,"column":1}},"2":{"start":{"line":20,"column":19},"end":{"line":31,"column":1}},"3":{"start":{"line":33,"column":24},"end":{"line":105,"column":1}},"4":{"start":{"line":107,"column":25},"end":{"line":216,"column":1}},"5":{"start":{"line":110,"column":6},"end":{"line":110,"column":52}},"6":{"start":{"line":110,"column":29},"end":{"line":110,"column":51}},"7":{"start":{"line":112,"column":6},"end":{"line":112,"column":70}},"8":{"start":{"line":112,"column":36},"end":{"line":112,"column":69}},"9":{"start":{"line":115,"column":31},"end":{"line":115,"column":71}},"10":{"start":{"line":115,"column":52},"end":{"line":115,"column":70}},"11":{"start":{"line":118,"column":31},"end":{"line":118,"column":71}},"12":{"start":{"line":118,"column":52},"end":{"line":118,"column":70}},"13":{"start":{"line":121,"column":20},"end":{"line":121,"column":25}},"14":{"start":{"line":122,"column":34},"end":{"line":122,"column":68}},"15":{"start":{"line":122,"column":53},"end":{"line":122,"column":67}},"16":{"start":{"line":123,"column":22},"end":{"line":123,"column":29}},"17":{"start":{"line":124,"column":36},"end":{"line":124,"column":76}},"18":{"start":{"line":124,"column":59},"end":{"line":124,"column":75}},"19":{"start":{"line":125,"column":25},"end":{"line":125,"column":35}},"20":{"start":{"line":127,"column":6},"end":{"line":127,"column":53}},"21":{"start":{"line":127,"column":34},"end":{"line":127,"column":52}},"22":{"start":{"line":131,"column":19},"end":{"line":136,"column":7}},"23":{"start":{"line":137,"column":6},"end":{"line":137,"column":23}},"24":{"start":{"line":138,"column":6},"end":{"line":138,"column":18}},"25":{"start":{"line":141,"column":21},"end":{"line":145,"column":7}},"26":{"start":{"line":146,"column":6},"end":{"line":146,"column":27}},"27":{"start":{"line":147,"column":6},"end":{"line":147,"column":20}},"28":{"start":{"line":150,"column":23},"end":{"line":153,"column":7}},"29":{"start":{"line":154,"column":6},"end":{"line":154,"column":32}},"30":{"start":{"line":155,"column":6},"end":{"line":155,"column":22}},"31":{"start":{"line":158,"column":24},"end":{"line":158,"column":63}},"32":{"start":{"line":158,"column":48},"end":{"line":158,"column":62}},"33":{"start":{"line":159,"column":6},"end":{"line":159,"column":73}},"34":{"start":{"line":159,"column":28},"end":{"line":159,"column":73}},"35":{"start":{"line":160,"column":19},"end":{"line":165,"column":7}},"36":{"start":{"line":166,"column":6},"end":{"line":166,"column":30}},"37":{"start":{"line":168,"column":6},"end":{"line":168,"column":18}},"38":{"start":{"line":171,"column":26},"end":{"line":171,"column":71}},"39":{"start":{"line":171,"column":54},"end":{"line":171,"column":70}},"40":{"start":{"line":172,"column":6},"end":{"line":172,"column":77}},"41":{"start":{"line":172,"column":30},"end":{"line":172,"column":77}},"42":{"start":{"line":173,"column":21},"end":{"line":177,"column":7}},"43":{"start":{"line":178,"column":6},"end":{"line":178,"column":36}},"44":{"start":{"line":179,"column":6},"end":{"line":179,"column":20}},"45":{"start":{"line":182,"column":28},"end":{"line":184,"column":7}},"46":{"start":{"line":183,"column":20},"end":{"line":183,"column":38}},"47":{"start":{"line":185,"column":6},"end":{"line":186,"column":57}},"48":{"start":{"line":186,"column":8},"end":{"line":186,"column":57}},"49":{"start":{"line":187,"column":23},"end":{"line":190,"column":7}},"50":{"start":{"line":191,"column":6},"end":{"line":191,"column":43}},"51":{"start":{"line":192,"column":6},"end":{"line":192,"column":22}},"52":{"start":{"line":195,"column":24},"end":{"line":195,"column":63}},"53":{"start":{"line":195,"column":48},"end":{"line":195,"column":62}},"54":{"start":{"line":196,"column":6},"end":{"line":196,"column":73}},"55":{"start":{"line":196,"column":28},"end":{"line":196,"column":73}},"56":{"start":{"line":197,"column":21},"end":{"line":197,"column":47}},"57":{"start":{"line":198,"column":6},"end":{"line":198,"column":21}},"58":{"start":{"line":201,"column":26},"end":{"line":201,"column":71}},"59":{"start":{"line":201,"column":54},"end":{"line":201,"column":70}},"60":{"start":{"line":202,"column":6},"end":{"line":202,"column":77}},"61":{"start":{"line":202,"column":30},"end":{"line":202,"column":77}},"62":{"start":{"line":203,"column":23},"end":{"line":203,"column":53}},"63":{"start":{"line":204,"column":6},"end":{"line":204,"column":23}},"64":{"start":{"line":207,"column":28},"end":{"line":209,"column":7}},"65":{"start":{"line":208,"column":20},"end":{"line":208,"column":38}},"66":{"start":{"line":210,"column":6},"end":{"line":211,"column":57}},"67":{"start":{"line":211,"column":8},"end":{"line":211,"column":57}},"68":{"start":{"line":212,"column":25},"end":{"line":212,"column":60}},"69":{"start":{"line":213,"column":6},"end":{"line":213,"column":25}}},"fnMap":{"0":{"name":"(anonymous_0)","decl":{"start":{"line":109,"column":12},"end":{"line":109,"column":13}},"loc":{"start":{"line":110,"column":6},"end":{"line":110,"column":52}},"line":110},"1":{"name":"(anonymous_1)","decl":{"start":{"line":110,"column":19},"end":{"line":110,"column":20}},"loc":{"start":{"line":110,"column":29},"end":{"line":110,"column":51}},"line":110},"2":{"name":"(anonymous_2)","decl":{"start":{"line":111,"column":16},"end":{"line":111,"column":17}},"loc":{"start":{"line":112,"column":6},"end":{"line":112,"column":70}},"line":112},"3":{"name":"(anonymous_3)","decl":{"start":{"line":112,"column":24},"end":{"line":112,"column":25}},"loc":{"start":{"line":112,"column":36},"end":{"line":112,"column":69}},"line":112},"4":{"name":"(anonymous_4)","decl":{"start":{"line":115,"column":11},"end":{"line":115,"column":12}},"loc":{"start":{"line":115,"column":31},"end":{"line":115,"column":71}},"line":115},"5":{"name":"(anonymous_5)","decl":{"start":{"line":115,"column":44},"end":{"line":115,"column":45}},"loc":{"start":{"line":115,"column":52},"end":{"line":115,"column":70}},"line":115},"6":{"name":"(anonymous_6)","decl":{"start":{"line":118,"column":11},"end":{"line":118,"column":12}},"loc":{"start":{"line":118,"column":31},"end":{"line":118,"column":71}},"line":118},"7":{"name":"(anonymous_7)","decl":{"start":{"line":118,"column":44},"end":{"line":118,"column":45}},"loc":{"start":{"line":118,"column":52},"end":{"line":118,"column":70}},"line":118},"8":{"name":"(anonymous_8)","decl":{"start":{"line":121,"column":14},"end":{"line":121,"column":15}},"loc":{"start":{"line":121,"column":20},"end":{"line":121,"column":25}},"line":121},"9":{"name":"(anonymous_9)","decl":{"start":{"line":122,"column":13},"end":{"line":122,"column":14}},"loc":{"start":{"line":122,"column":34},"end":{"line":122,"column":68}},"line":122},"10":{"name":"(anonymous_10)","decl":{"start":{"line":122,"column":45},"end":{"line":122,"column":46}},"loc":{"start":{"line":122,"column":53},"end":{"line":122,"column":67}},"line":122},"11":{"name":"(anonymous_11)","decl":{"start":{"line":123,"column":16},"end":{"line":123,"column":17}},"loc":{"start":{"line":123,"column":22},"end":{"line":123,"column":29}},"line":123},"12":{"name":"(anonymous_12)","decl":{"start":{"line":124,"column":15},"end":{"line":124,"column":16}},"loc":{"start":{"line":124,"column":36},"end":{"line":124,"column":76}},"line":124},"13":{"name":"(anonymous_13)","decl":{"start":{"line":124,"column":49},"end":{"line":124,"column":50}},"loc":{"start":{"line":124,"column":59},"end":{"line":124,"column":75}},"line":124},"14":{"name":"(anonymous_14)","decl":{"start":{"line":125,"column":19},"end":{"line":125,"column":20}},"loc":{"start":{"line":125,"column":25},"end":{"line":125,"column":35}},"line":125},"15":{"name":"(anonymous_15)","decl":{"start":{"line":126,"column":17},"end":{"line":126,"column":18}},"loc":{"start":{"line":127,"column":6},"end":{"line":127,"column":53}},"line":127},"16":{"name":"(anonymous_16)","decl":{"start":{"line":127,"column":22},"end":{"line":127,"column":23}},"loc":{"start":{"line":127,"column":34},"end":{"line":127,"column":52}},"line":127},"17":{"name":"(anonymous_17)","decl":{"start":{"line":130,"column":13},"end":{"line":130,"column":14}},"loc":{"start":{"line":130,"column":60},"end":{"line":139,"column":5}},"line":130},"18":{"name":"(anonymous_18)","decl":{"start":{"line":140,"column":15},"end":{"line":140,"column":16}},"loc":{"start":{"line":140,"column":53},"end":{"line":148,"column":5}},"line":140},"19":{"name":"(anonymous_19)","decl":{"start":{"line":149,"column":17},"end":{"line":149,"column":18}},"loc":{"start":{"line":149,"column":40},"end":{"line":156,"column":5}},"line":149},"20":{"name":"(anonymous_20)","decl":{"start":{"line":157,"column":16},"end":{"line":157,"column":17}},"loc":{"start":{"line":157,"column":67},"end":{"line":169,"column":5}},"line":157},"21":{"name":"(anonymous_21)","decl":{"start":{"line":158,"column":40},"end":{"line":158,"column":41}},"loc":{"start":{"line":158,"column":48},"end":{"line":158,"column":62}},"line":158},"22":{"name":"(anonymous_22)","decl":{"start":{"line":170,"column":18},"end":{"line":170,"column":19}},"loc":{"start":{"line":170,"column":60},"end":{"line":180,"column":5}},"line":170},"23":{"name":"(anonymous_23)","decl":{"start":{"line":171,"column":44},"end":{"line":171,"column":45}},"loc":{"start":{"line":171,"column":54},"end":{"line":171,"column":70}},"line":171},"24":{"name":"(anonymous_24)","decl":{"start":{"line":181,"column":20},"end":{"line":181,"column":21}},"loc":{"start":{"line":181,"column":47},"end":{"line":193,"column":5}},"line":181},"25":{"name":"(anonymous_25)","decl":{"start":{"line":183,"column":8},"end":{"line":183,"column":9}},"loc":{"start":{"line":183,"column":20},"end":{"line":183,"column":38}},"line":183},"26":{"name":"(anonymous_26)","decl":{"start":{"line":194,"column":16},"end":{"line":194,"column":17}},"loc":{"start":{"line":194,"column":37},"end":{"line":199,"column":5}},"line":194},"27":{"name":"(anonymous_27)","decl":{"start":{"line":195,"column":40},"end":{"line":195,"column":41}},"loc":{"start":{"line":195,"column":48},"end":{"line":195,"column":62}},"line":195},"28":{"name":"(anonymous_28)","decl":{"start":{"line":200,"column":18},"end":{"line":200,"column":19}},"loc":{"start":{"line":200,"column":39},"end":{"line":205,"column":5}},"line":200},"29":{"name":"(anonymous_29)","decl":{"start":{"line":201,"column":44},"end":{"line":201,"column":45}},"loc":{"start":{"line":201,"column":54},"end":{"line":201,"column":70}},"line":201},"30":{"name":"(anonymous_30)","decl":{"start":{"line":206,"column":20},"end":{"line":206,"column":21}},"loc":{"start":{"line":206,"column":41},"end":{"line":214,"column":5}},"line":206},"31":{"name":"(anonymous_31)","decl":{"start":{"line":208,"column":8},"end":{"line":208,"column":9}},"loc":{"start":{"line":208,"column":20},"end":{"line":208,"column":38}},"line":208}},"branchMap":{"0":{"loc":{"start":{"line":159,"column":6},"end":{"line":159,"column":73}},"type":"if","locations":[{"start":{"line":159,"column":6},"end":{"line":159,"column":73}},{"start":{},"end":{}}],"line":159},"1":{"loc":{"start":{"line":172,"column":6},"end":{"line":172,"column":77}},"type":"if","locations":[{"start":{"line":172,"column":6},"end":{"line":172,"column":77}},{"start":{},"end":{}}],"line":172},"2":{"loc":{"start":{"line":185,"column":6},"end":{"line":186,"column":57}},"type":"if","locations":[{"start":{"line":185,"column":6},"end":{"line":186,"column":57}},{"start":{},"end":{}}],"line":185},"3":{"loc":{"start":{"line":196,"column":6},"end":{"line":196,"column":73}},"type":"if","locations":[{"start":{"line":196,"column":6},"end":{"line":196,"column":73}},{"start":{},"end":{}}],"line":196},"4":{"loc":{"start":{"line":202,"column":6},"end":{"line":202,"column":77}},"type":"if","locations":[{"start":{"line":202,"column":6},"end":{"line":202,"column":77}},{"start":{},"end":{}}],"line":202},"5":{"loc":{"start":{"line":210,"column":6},"end":{"line":211,"column":57}},"type":"if","locations":[{"start":{"line":210,"column":6},"end":{"line":211,"column":57}},{"start":{},"end":{}}],"line":210}},"s":{"0":1,"1":1,"2":1,"3":1,"4":1,"5":24,"6":4,"7":3,"8":6,"9":1,"10":1,"11":1,"12":1,"13":23,"14":1,"15":1,"16":23,"17":1,"18":1,"19":23,"20":1,"21":1,"22":22,"23":22,"24":22,"25":23,"26":23,"27":23,"28":43,"29":43,"30":43,"31":2,"32":2,"33":2,"34":1,"35":1,"36":1,"37":1,"38":2,"39":2,"40":2,"41":1,"42":1,"43":1,"44":1,"45":2,"46":3,"47":2,"48":1,"49":1,"50":1,"51":1,"52":23,"53":23,"54":23,"55":1,"56":22,"57":22,"58":24,"59":24,"60":24,"61":1,"62":23,"63":23,"64":44,"65":45,"66":44,"67":1,"68":43,"69":43},"f":{"0":24,"1":4,"2":3,"3":6,"4":1,"5":1,"6":1,"7":1,"8":23,"9":1,"10":1,"11":23,"12":1,"13":1,"14":23,"15":1,"16":1,"17":22,"18":23,"19":43,"20":2,"21":2,"22":2,"23":2,"24":2,"25":3,"26":23,"27":23,"28":24,"29":24,"30":44,"31":45},"b":{"0":[1,1],"1":[1,1],"2":[1,1],"3":[1,22],"4":[1,23],"5":[1,43]},"_coverageSchema":"1a1c01bbd47fc00a2c39e90264f33305004495a9","hash":"6c448c94eaa52ef7a6c1af3abed59d14a65afbbf"}
}
