TN:
SF:__tests__/data/schema.data.js
FNF:0
FNH:0
DA:1,1
DA:9,1
DA:17,1
LF:3
LH:3
BRF:0
BRH:0
end_of_record
TN:
SF:__tests__/utils/apollo-test-server.js
FN:4,(anonymous_0)
FNF:1
FNH:1
FNDA:1,(anonymous_0)
DA:4,1
DA:5,1
LF:2
LH:2
BRF:0
BRH:0
end_of_record
TN:
SF:__tests__/utils/clear-data.js
FN:46,(anonymous_0)
FN:64,(anonymous_1)
FN:74,(anonymous_2)
FN:84,(anonymous_3)
FNF:4
FNH:4
FNDA:21,(anonymous_0)
FNDA:21,(anonymous_1)
FNDA:22,(anonymous_2)
FNDA:42,(anonymous_3)
DA:1,1
DA:10,1
DA:16,1
DA:26,1
DA:32,1
DA:41,1
DA:46,1
DA:47,21
DA:50,21
DA:52,21
DA:55,21
DA:57,21
DA:60,21
DA:62,21
DA:65,21
DA:75,22
DA:85,42
LF:17
LH:17
BRF:0
BRH:0
end_of_record
TN:
SF:__tests__/utils/seed-data.js
FN:40,(anonymous_0)
FN:43,(anonymous_1)
FN:55,(anonymous_2)
FN:66,(anonymous_3)
FNF:4
FNH:4
FNDA:21,(anonymous_0)
FNDA:21,(anonymous_1)
FNDA:21,(anonymous_2)
FNDA:42,(anonymous_3)
DA:3,1
DA:21,1
DA:31,1
DA:40,1
DA:41,21
DA:44,21
DA:56,21
DA:67,42
LF:8
LH:8
BRF:0
BRH:0
end_of_record
TN:
SF:src/schema.js
FN:109,(anonymous_0)
FN:110,(anonymous_1)
FN:111,(anonymous_2)
FN:112,(anonymous_3)
FN:115,(anonymous_4)
FN:115,(anonymous_5)
FN:118,(anonymous_6)
FN:118,(anonymous_7)
FN:121,(anonymous_8)
FN:122,(anonymous_9)
FN:122,(anonymous_10)
FN:123,(anonymous_11)
FN:124,(anonymous_12)
FN:124,(anonymous_13)
FN:125,(anonymous_14)
FN:126,(anonymous_15)
FN:127,(anonymous_16)
FN:130,(anonymous_17)
FN:140,(anonymous_18)
FN:149,(anonymous_19)
FN:157,(anonymous_20)
FN:158,(anonymous_21)
FN:170,(anonymous_22)
FN:171,(anonymous_23)
FN:181,(anonymous_24)
FN:183,(anonymous_25)
FN:194,(anonymous_26)
FN:195,(anonymous_27)
FN:200,(anonymous_28)
FN:201,(anonymous_29)
FN:206,(anonymous_30)
FN:208,(anonymous_31)
FNF:32
FNH:32
FNDA:24,(anonymous_0)
FNDA:4,(anonymous_1)
FNDA:3,(anonymous_2)
FNDA:6,(anonymous_3)
FNDA:1,(anonymous_4)
FNDA:1,(anonymous_5)
FNDA:1,(anonymous_6)
FNDA:1,(anonymous_7)
FNDA:23,(anonymous_8)
FNDA:1,(anonymous_9)
FNDA:1,(anonymous_10)
FNDA:23,(anonymous_11)
FNDA:1,(anonymous_12)
FNDA:1,(anonymous_13)
FNDA:23,(anonymous_14)
FNDA:1,(anonymous_15)
FNDA:1,(anonymous_16)
FNDA:22,(anonymous_17)
FNDA:23,(anonymous_18)
FNDA:43,(anonymous_19)
FNDA:2,(anonymous_20)
FNDA:2,(anonymous_21)
FNDA:2,(anonymous_22)
FNDA:2,(anonymous_23)
FNDA:2,(anonymous_24)
FNDA:3,(anonymous_25)
FNDA:23,(anonymous_26)
FNDA:23,(anonymous_27)
FNDA:24,(anonymous_28)
FNDA:24,(anonymous_29)
FNDA:44,(anonymous_30)
FNDA:45,(anonymous_31)
DA:4,1
DA:12,1
DA:20,1
DA:33,1
DA:107,1
DA:110,24
DA:112,6
DA:115,1
DA:118,1
DA:121,23
DA:122,1
DA:123,23
DA:124,1
DA:125,23
DA:127,1
DA:131,22
DA:137,22
DA:138,22
DA:141,23
DA:146,23
DA:147,23
DA:150,43
DA:154,43
DA:155,43
DA:158,2
DA:159,2
DA:160,1
DA:166,1
DA:168,1
DA:171,2
DA:172,2
DA:173,1
DA:178,1
DA:179,1
DA:182,2
DA:183,3
DA:185,2
DA:186,1
DA:187,1
DA:191,1
DA:192,1
DA:195,23
DA:196,23
DA:197,22
DA:198,22
DA:201,24
DA:202,24
DA:203,23
DA:204,23
DA:207,44
DA:208,45
DA:210,44
DA:211,1
DA:212,43
DA:213,43
LF:55
LH:55
BRDA:159,0,0,1
BRDA:159,0,1,1
BRDA:172,1,0,1
BRDA:172,1,1,1
BRDA:185,2,0,1
BRDA:185,2,1,1
BRDA:196,3,0,1
BRDA:196,3,1,22
BRDA:202,4,0,1
BRDA:202,4,1,23
BRDA:210,5,0,1
BRDA:210,5,1,43
BRF:12
BRH:12
end_of_record
